#set( $symbol_pound = '#' )
#set( $symbol_dollar = '$' )
#set( $symbol_escape = '\' )
<?xml version="1.0" encoding="UTF-8"?>
<!-- Generated by org.testng.reporters.JUnitXMLReporter -->
<testsuite hostname="ATMECSINLT-085" ignored="0" name="Test" tests="2" failures="0" timestamp="10 Oct 2019 09:15:16 GMT" time="24.294" errors="0">
  <testcase name="validateKonakart" time="7.888" classname="${package}.testscripts.WelcomePage"/>
  <testcase name="validateKonakart" time="2.471" classname="${package}.testscripts.WelcomePage"/>
</testsuite> <!-- Test -->
