#set( $symbol_pound = '#' )
#set( $symbol_dollar = '$' )
#set( $symbol_escape = '\' )
<?xml version="1.0" encoding="UTF-8"?>
<!-- Generated by org.testng.reporters.JUnitXMLReporter -->
<testsuite hostname="ATMECSINLT-085" ignored="0" name="Test" tests="2" failures="0" timestamp="10 Oct 2019 09:15:53 GMT" time="35.5" errors="0">
  <testcase name="validateHeroImage" time="23.402" classname="${package}.testscripts.HeroImage"/>
  <testcase name="validateHeroImage" time="0.0" classname="${package}.testscripts.HeroImage"/>
</testsuite> <!-- Test -->
