<?xml version="1.0" encoding="UTF-8"?>
<testng-results skipped="0" failed="0" ignored="0" total="4" passed="4">
  <reporter-output>
  </reporter-output>
  <suite name="Suite" duration-ms="0" started-at="2019-10-10T12:52:12Z" finished-at="2019-10-10T12:52:12Z">
    <groups>
    </groups>
  </suite> <!-- Suite -->
  <suite name="Suite (1)" duration-ms="35530" started-at="2019-10-10T12:51:35Z" finished-at="2019-10-10T12:52:11Z">
    <groups>
    </groups>
    <test name="Test" duration-ms="35530" started-at="2019-10-10T12:51:35Z" finished-at="2019-10-10T12:52:11Z">
      <class name="com.atmecs.konakart.testscripts.HeroImage">
        <test-method status="PASS" signature="startReport()[pri:0, instance:com.atmecs.konakart.testscripts.HeroImage@31a5c39e]" name="startReport" is-config="true" duration-ms="11" started-at="2019-10-10T12:51:35Z" finished-at="2019-10-10T12:51:35Z">
          <reporter-output>
          </reporter-output>
        </test-method> <!-- startReport -->
        <test-method status="PASS" signature="baseSetup()[pri:0, instance:com.atmecs.konakart.testscripts.HeroImage@31a5c39e]" name="baseSetup" is-config="true" duration-ms="10354" started-at="2019-10-10T12:51:35Z" finished-at="2019-10-10T12:51:46Z">
          <reporter-output>
          </reporter-output>
        </test-method> <!-- baseSetup -->
        <test-method status="PASS" signature="validateHeroImage([Ljava.lang.String;)[pri:0, instance:com.atmecs.konakart.testscripts.HeroImage@31a5c39e]" name="validateHeroImage" duration-ms="24470" started-at="2019-10-10T12:51:46Z" data-provider="productdata" finished-at="2019-10-10T12:52:10Z">
          <params>
            <param index="0">
              <value>
                <![CDATA[[Ljava.lang.String;@56ba8773]]>
              </value>
            </param>
          </params>
          <reporter-output>
          </reporter-output>
        </test-method> <!-- validateHeroImage -->
        <test-method status="PASS" signature="tearDown(org.testng.ITestResult)[pri:0, instance:com.atmecs.konakart.testscripts.HeroImage@31a5c39e]" name="tearDown" is-config="true" duration-ms="335" started-at="2019-10-10T12:52:10Z" finished-at="2019-10-10T12:52:10Z">
          <params>
            <param index="0">
              <value>
                <![CDATA[[TestResult name=validateHeroImage status=SUCCESS method=HeroImage.validateHeroImage([Ljava.lang.String;)[pri:0, instance:com.atmecs.konakart.testscripts.HeroImage@31a5c39e] output={null}]]]>
              </value>
            </param>
          </params>
          <reporter-output>
          </reporter-output>
        </test-method> <!-- tearDown -->
        <test-method status="PASS" signature="validateHeroImage([Ljava.lang.String;)[pri:0, instance:com.atmecs.konakart.testscripts.HeroImage@31a5c39e]" name="validateHeroImage" duration-ms="22" started-at="2019-10-10T12:52:10Z" data-provider="productdata" finished-at="2019-10-10T12:52:10Z">
          <params>
            <param index="0">
              <value>
                <![CDATA[[Ljava.lang.String;@6ceb7b5e]]>
              </value>
            </param>
          </params>
          <reporter-output>
          </reporter-output>
        </test-method> <!-- validateHeroImage -->
        <test-method status="PASS" signature="tearDown(org.testng.ITestResult)[pri:0, instance:com.atmecs.konakart.testscripts.HeroImage@31a5c39e]" name="tearDown" is-config="true" duration-ms="284" started-at="2019-10-10T12:52:10Z" finished-at="2019-10-10T12:52:11Z">
          <params>
            <param index="0">
              <value>
                <![CDATA[[TestResult name=validateHeroImage status=SUCCESS method=HeroImage.validateHeroImage([Ljava.lang.String;)[pri:0, instance:com.atmecs.konakart.testscripts.HeroImage@31a5c39e] output={null}]]]>
              </value>
            </param>
          </params>
          <reporter-output>
          </reporter-output>
        </test-method> <!-- tearDown -->
        <test-method status="PASS" signature="endReport()[pri:0, instance:com.atmecs.konakart.testscripts.HeroImage@31a5c39e]" name="endReport" is-config="true" duration-ms="1051" started-at="2019-10-10T12:52:11Z" finished-at="2019-10-10T12:52:12Z">
          <reporter-output>
          </reporter-output>
        </test-method> <!-- endReport -->
      </class> <!-- com.atmecs.konakart.testscripts.HeroImage -->
    </test> <!-- Test -->
  </suite> <!-- Suite (1) -->
  <suite name="Suite (0)" duration-ms="24674" started-at="2019-10-10T12:51:09Z" finished-at="2019-10-10T12:51:34Z">
    <groups>
    </groups>
    <test name="Test" duration-ms="24674" started-at="2019-10-10T12:51:09Z" finished-at="2019-10-10T12:51:34Z">
      <class name="com.atmecs.konakart.testscripts.WelcomePage">
        <test-method status="PASS" signature="startReport()[pri:0, instance:com.atmecs.konakart.testscripts.WelcomePage@343f4d3d]" name="startReport" is-config="true" duration-ms="269" started-at="2019-10-10T12:51:09Z" finished-at="2019-10-10T12:51:09Z">
          <reporter-output>
          </reporter-output>
        </test-method> <!-- startReport -->
        <test-method status="PASS" signature="baseSetup()[pri:0, instance:com.atmecs.konakart.testscripts.WelcomePage@343f4d3d]" name="baseSetup" is-config="true" duration-ms="13005" started-at="2019-10-10T12:51:09Z" finished-at="2019-10-10T12:51:22Z">
          <reporter-output>
          </reporter-output>
        </test-method> <!-- baseSetup -->
        <test-method status="PASS" signature="validateKonakart([Ljava.lang.String;)[pri:0, instance:com.atmecs.konakart.testscripts.WelcomePage@343f4d3d]" name="validateKonakart" duration-ms="7590" started-at="2019-10-10T12:51:23Z" data-provider="welcomedata" finished-at="2019-10-10T12:51:31Z">
          <params>
            <param index="0">
              <value>
                <![CDATA[[Ljava.lang.String;@841e575]]>
              </value>
            </param>
          </params>
          <reporter-output>
          </reporter-output>
        </test-method> <!-- validateKonakart -->
        <test-method status="PASS" signature="tearDown(org.testng.ITestResult)[pri:0, instance:com.atmecs.konakart.testscripts.WelcomePage@343f4d3d]" name="tearDown" is-config="true" duration-ms="386" started-at="2019-10-10T12:51:31Z" finished-at="2019-10-10T12:51:31Z">
          <params>
            <param index="0">
              <value>
                <![CDATA[[TestResult name=validateKonakart status=SUCCESS method=WelcomePage.validateKonakart([Ljava.lang.String;)[pri:0, instance:com.atmecs.konakart.testscripts.WelcomePage@343f4d3d] output={null}]]]>
              </value>
            </param>
          </params>
          <reporter-output>
          </reporter-output>
        </test-method> <!-- tearDown -->
        <test-method status="PASS" signature="validateKonakart([Ljava.lang.String;)[pri:0, instance:com.atmecs.konakart.testscripts.WelcomePage@343f4d3d]" name="validateKonakart" duration-ms="2211" started-at="2019-10-10T12:51:31Z" data-provider="welcomedata" finished-at="2019-10-10T12:51:33Z">
          <params>
            <param index="0">
              <value>
                <![CDATA[[Ljava.lang.String;@27a5328c]]>
              </value>
            </param>
          </params>
          <reporter-output>
          </reporter-output>
        </test-method> <!-- validateKonakart -->
        <test-method status="PASS" signature="tearDown(org.testng.ITestResult)[pri:0, instance:com.atmecs.konakart.testscripts.WelcomePage@343f4d3d]" name="tearDown" is-config="true" duration-ms="321" started-at="2019-10-10T12:51:33Z" finished-at="2019-10-10T12:51:34Z">
          <params>
            <param index="0">
              <value>
                <![CDATA[[TestResult name=validateKonakart status=SUCCESS method=WelcomePage.validateKonakart([Ljava.lang.String;)[pri:0, instance:com.atmecs.konakart.testscripts.WelcomePage@343f4d3d] output={null}]]]>
              </value>
            </param>
          </params>
          <reporter-output>
          </reporter-output>
        </test-method> <!-- tearDown -->
        <test-method status="PASS" signature="endReport()[pri:0, instance:com.atmecs.konakart.testscripts.WelcomePage@343f4d3d]" name="endReport" is-config="true" duration-ms="1366" started-at="2019-10-10T12:51:34Z" finished-at="2019-10-10T12:51:35Z">
          <reporter-output>
          </reporter-output>
        </test-method> <!-- endReport -->
      </class> <!-- com.atmecs.konakart.testscripts.WelcomePage -->
    </test> <!-- Test -->
  </suite> <!-- Suite (0) -->
</testng-results>
